

*******************************************************************************
Fri Feb  6 12:40:50 2026


FIT:    data read from '../data/corrfunc.dat' u 1:column2[i]:column3[i] every ::0::(L-1)
        format = x:z:s
        #datapoints = 10
function used for fitting: f(x,a,mr,c)
	f(x,a,mr,c)=a*cosh(mr*(x-L/2))/mr+c
fitted parameters initialized with current variable values

iter      chisq       delta/lim  lambda   a             mr            c            
   0 8.3509547116e+09   0.00e+00  4.11e+04    8.000000e-01   8.000000e-01   1.000000e+00
 542 2.5230300043e+03  -5.33e-02  4.11e-03    7.970411e-06   1.949531e+00   1.880222e-03

After 542 iterations the fit converged.
final sum of squares of residuals : 2523.03
rel. change during last iteration : -5.32659e-07

degrees of freedom    (FIT_NDF)                        : 7
rms of residuals      (FIT_STDFIT) = sqrt(WSSR/ndf)    : 18.9851
variance of residuals (reduced chisquare) = WSSR/ndf   : 360.433
p-value of the Chisq distribution (FIT_P)              : 0

Final set of parameters            Asymptotic Standard Error
=======================            ==========================
a               = 7.97041e-06      +/- 3.745e-05    (469.9%)
mr              = 1.94953          +/- 1.046        (53.67%)
c               = 0.00188022       +/- 0.002671     (142.1%)

correlation matrix of the fit parameters:
                a      mr     c      
a               1.000 
mr             -0.998  1.000 
c              -0.620  0.604  1.000 


*******************************************************************************
Fri Feb  6 12:40:50 2026


FIT:    data read from '../data/corrfunc.dat' u 1:column2[i]:column3[i] every ::0::(L-1)
        format = x:z:s
        #datapoints = 10
function used for fitting: f(x,a,mr,c)
	f(x,a,mr,c)=a*cosh(mr*(x-L/2))/mr+c
fitted parameters initialized with current variable values

iter      chisq       delta/lim  lambda   a             mr            c            
   0 4.0738022274e+09   0.00e+00  3.29e+04    8.000000e-01   8.000000e-01   1.880222e-03
  84 2.3646774318e+03  -1.07e-01  3.29e-03    1.296743e-04   1.367879e+00   2.335825e-03

After 84 iterations the fit converged.
final sum of squares of residuals : 2364.68
rel. change during last iteration : -1.06802e-06

degrees of freedom    (FIT_NDF)                        : 7
rms of residuals      (FIT_STDFIT) = sqrt(WSSR/ndf)    : 18.3796
variance of residuals (reduced chisquare) = WSSR/ndf   : 337.811
p-value of the Chisq distribution (FIT_P)              : 0

Final set of parameters            Asymptotic Standard Error
=======================            ==========================
a               = 0.000129674      +/- 0.0004055    (312.7%)
mr              = 1.36788          +/- 0.7277       (53.2%)
c               = 0.00233582       +/- 0.004439     (190%)

correlation matrix of the fit parameters:
                a      mr     c      
a               1.000 
mr             -0.997  1.000 
c              -0.732  0.708  1.000 


*******************************************************************************
Fri Feb  6 12:40:50 2026


FIT:    data read from '../data/corrfunc.dat' u 1:column2[i]:column3[i] every ::0::(L-1)
        format = x:z:s
        #datapoints = 10
function used for fitting: f(x,a,mr,c)
	f(x,a,mr,c)=a*cosh(mr*(x-L/2))/mr+c
fitted parameters initialized with current variable values

iter      chisq       delta/lim  lambda   a             mr            c            
   0 2.0369650940e+09   0.00e+00  2.32e+04    8.000000e-01   8.000000e-01   2.335825e-03
   8 3.2442542506e+03  -2.09e-03  2.32e-04    8.464258e-04   9.915818e-01   3.928230e-03

After 8 iterations the fit converged.
final sum of squares of residuals : 3244.25
rel. change during last iteration : -2.08581e-08

degrees of freedom    (FIT_NDF)                        : 7
rms of residuals      (FIT_STDFIT) = sqrt(WSSR/ndf)    : 21.5282
variance of residuals (reduced chisquare) = WSSR/ndf   : 463.465
p-value of the Chisq distribution (FIT_P)              : 0

Final set of parameters            Asymptotic Standard Error
=======================            ==========================
a               = 0.000846426      +/- 0.001997     (235.9%)
mr              = 0.991582         +/- 0.5904       (59.55%)
c               = 0.00392823       +/- 0.007479     (190.4%)

correlation matrix of the fit parameters:
                a      mr     c      
a               1.000 
mr             -0.993  1.000 
c              -0.834  0.803  1.000 


*******************************************************************************
Fri Feb  6 12:40:50 2026


FIT:    data read from '../data/corrfunc.dat' u 1:column2[i]:column3[i] every ::0::(L-1)
        format = x:z:s
        #datapoints = 10
function used for fitting: f(x,a,mr,c)
	f(x,a,mr,c)=a*cosh(mr*(x-L/2))/mr+c
fitted parameters initialized with current variable values

iter      chisq       delta/lim  lambda   a             mr            c            
   0 4.0623886779e+08   0.00e+00  9.82e+03    8.000000e-01   8.000000e-01   3.928230e-03
  51 3.5236359633e+03  -2.61e-01  9.82e-04    8.578565e-04   1.039753e+00   2.484324e-02

After 51 iterations the fit converged.
final sum of squares of residuals : 3523.64
rel. change during last iteration : -2.60933e-06

degrees of freedom    (FIT_NDF)                        : 7
rms of residuals      (FIT_STDFIT) = sqrt(WSSR/ndf)    : 22.4361
variance of residuals (reduced chisquare) = WSSR/ndf   : 503.377
p-value of the Chisq distribution (FIT_P)              : 0

Final set of parameters            Asymptotic Standard Error
=======================            ==========================
a               = 0.000857856      +/- 0.00368      (429%)
mr              = 1.03975          +/- 1.089        (104.8%)
c               = 0.0248432        +/- 0.01561      (62.83%)

correlation matrix of the fit parameters:
                a      mr     c      
a               1.000 
mr             -0.991  1.000 
c              -0.820  0.782  1.000 


*******************************************************************************
Fri Feb  6 12:40:50 2026


FIT:    data read from '../data/corrfunc.dat' u 1:column2[i]:column3[i] every ::0::(L-1)
        format = x:z:s
        #datapoints = 10
function used for fitting: f(x,a,mr,c)
	f(x,a,mr,c)=a*cosh(mr*(x-L/2))/mr+c
fitted parameters initialized with current variable values

iter      chisq       delta/lim  lambda   a             mr            c            
   0 8.8535165695e+07   0.00e+00  5.09e+03    8.000000e-01   8.000000e-01   2.484324e-02
  10 2.0199243073e+02  -1.30e-01  5.09e-03    1.341296e-02   4.510245e-02   2.290269e-02

After 10 iterations the fit converged.
final sum of squares of residuals : 201.992
rel. change during last iteration : -1.29829e-06

degrees of freedom    (FIT_NDF)                        : 7
rms of residuals      (FIT_STDFIT) = sqrt(WSSR/ndf)    : 5.37178
variance of residuals (reduced chisquare) = WSSR/ndf   : 28.8561
p-value of the Chisq distribution (FIT_P)              : 0

Final set of parameters            Asymptotic Standard Error
=======================            ==========================
a               = 0.013413         +/- 13.47        (1.004e+05%)
mr              = 0.0451025        +/- 44.93        (9.963e+04%)
c               = 0.0229027        +/- 594.7        (2.596e+06%)

correlation matrix of the fit parameters:
                a      mr     c      
a               1.000 
mr             -1.000  1.000 
c              -1.000  1.000  1.000 


*******************************************************************************
Fri Feb  6 12:40:50 2026


FIT:    data read from '../data/corrfunc.dat' u 1:column2[i]:column3[i] every ::0::(L-1)
        format = x:z:s
        #datapoints = 10
function used for fitting: f(x,a,mr,c)
	f(x,a,mr,c)=a*cosh(mr*(x-L/2))/mr+c
fitted parameters initialized with current variable values

iter      chisq       delta/lim  lambda   a             mr            c            
   0 2.0595768531e+08   0.00e+00  7.80e+03    8.000000e-01   8.000000e-01   2.290269e-02
  55 3.5845610127e+03  -9.43e-01  7.80e+01    1.246927e-03   1.462067e-03   2.276132e-02

After 55 iterations the fit converged.
final sum of squares of residuals : 3584.56
rel. change during last iteration : -9.43167e-06

degrees of freedom    (FIT_NDF)                        : 7
rms of residuals      (FIT_STDFIT) = sqrt(WSSR/ndf)    : 22.6292
variance of residuals (reduced chisquare) = WSSR/ndf   : 512.08
p-value of the Chisq distribution (FIT_P)              : 0

Final set of parameters            Asymptotic Standard Error
=======================            ==========================
a               = 0.00124693       +/- 1.05e+06     (8.422e+10%)
mr              = 0.00146207       +/- 1.231e+06    (8.422e+10%)
c               = 0.0227613        +/- 1.436e+09    (6.308e+12%)

correlation matrix of the fit parameters:
                a      mr     c      
a               1.000 
mr             -1.000  1.000 
c              -1.000  1.000  1.000 


*******************************************************************************
Fri Feb  6 12:40:50 2026


FIT:    data read from '../data/corrfunc.dat' u 1:column2[i]:column3[i] every ::0::(L-1)
        format = x:z:s
        #datapoints = 10
function used for fitting: f(x,a,mr,c)
	f(x,a,mr,c)=a*cosh(mr*(x-L/2))/mr+c
fitted parameters initialized with current variable values

iter      chisq       delta/lim  lambda   a             mr            c            
   0 9.6518194070e+07   0.00e+00  5.40e+03    8.000000e-01   8.000000e-01   2.276132e-02
  81 1.9215788744e+03  -9.80e-01  5.40e+01    6.380715e-03   4.976251e-03   2.263088e-02

After 81 iterations the fit converged.
final sum of squares of residuals : 1921.58
rel. change during last iteration : -9.8005e-06

degrees of freedom    (FIT_NDF)                        : 7
rms of residuals      (FIT_STDFIT) = sqrt(WSSR/ndf)    : 16.5684
variance of residuals (reduced chisquare) = WSSR/ndf   : 274.511
p-value of the Chisq distribution (FIT_P)              : 0

Final set of parameters            Asymptotic Standard Error
=======================            ==========================
a               = 0.00638072       +/- 2.497e+04    (3.913e+08%)
mr              = 0.00497625       +/- 1.947e+04    (3.913e+08%)
c               = 0.0226309        +/- 1.003e+07    (4.432e+10%)

correlation matrix of the fit parameters:
                a      mr     c      
a               1.000 
mr             -1.000  1.000 
c              -1.000  1.000  1.000 


*******************************************************************************
Fri Feb  6 12:40:50 2026


FIT:    data read from '../data/corrfunc.dat' u 1:column2[i]:column3[i] every ::0::(L-1)
        format = x:z:s
        #datapoints = 10
function used for fitting: f(x,a,mr,c)
	f(x,a,mr,c)=a*cosh(mr*(x-L/2))/mr+c
fitted parameters initialized with current variable values

iter      chisq       delta/lim  lambda   a             mr            c            
   0 9.1081239583e+07   0.00e+00  5.37e+03    8.000000e-01   8.000000e-01   2.263088e-02
  28 1.6413137037e+03  -9.97e-01  5.37e+01    2.074825e-03   1.255302e-03   2.274293e-02

After 28 iterations the fit converged.
final sum of squares of residuals : 1641.31
rel. change during last iteration : -9.97365e-06

degrees of freedom    (FIT_NDF)                        : 7
rms of residuals      (FIT_STDFIT) = sqrt(WSSR/ndf)    : 15.3125
variance of residuals (reduced chisquare) = WSSR/ndf   : 234.473
p-value of the Chisq distribution (FIT_P)              : 0

Final set of parameters            Asymptotic Standard Error
=======================            ==========================
a               = 0.00207482       +/- 1.474e+06    (7.103e+10%)
mr              = 0.0012553        +/- 8.916e+05    (7.103e+10%)
c               = 0.0227429        +/- 2.347e+09    (1.032e+13%)

correlation matrix of the fit parameters:
                a      mr     c      
a               1.000 
mr             -1.000  1.000 
c              -1.000  1.000  1.000 


*******************************************************************************
Fri Feb  6 12:40:50 2026


FIT:    data read from '../data/corrfunc.dat' u 1:column2[i]:column3[i] every ::0::(L-1)
        format = x:z:s
        #datapoints = 10
function used for fitting: f(x,a,mr,c)
	f(x,a,mr,c)=a*cosh(mr*(x-L/2))/mr+c
fitted parameters initialized with current variable values

iter      chisq       delta/lim  lambda   a             mr            c            
   0 1.0162990345e+08   0.00e+00  5.85e+03    8.000000e-01   8.000000e-01   2.274293e-02
  46 1.6052131280e+03  -9.91e-01  5.85e+01    1.644243e-03   8.148031e-04   6.940155e-03

After 46 iterations the fit converged.
final sum of squares of residuals : 1605.21
rel. change during last iteration : -9.91453e-06

degrees of freedom    (FIT_NDF)                        : 7
rms of residuals      (FIT_STDFIT) = sqrt(WSSR/ndf)    : 15.1432
variance of residuals (reduced chisquare) = WSSR/ndf   : 229.316
p-value of the Chisq distribution (FIT_P)              : 0

Final set of parameters            Asymptotic Standard Error
=======================            ==========================
a               = 0.00164424       +/- 5.035e+06    (3.062e+11%)
mr              = 0.000814803      +/- 2.495e+06    (3.062e+11%)
c               = 0.00694015       +/- 1.235e+10    (1.78e+14%)

correlation matrix of the fit parameters:
                a      mr     c      
a               1.000 
mr             -1.000  1.000 
c              -1.000  1.000  1.000 


*******************************************************************************
Fri Feb  6 12:40:50 2026


FIT:    data read from '../data/corrfunc.dat' u 1:column2[i]:column3[i] every ::0::(L-1)
        format = x:z:s
        #datapoints = 10
function used for fitting: f(x,a,mr,c)
	f(x,a,mr,c)=a*cosh(mr*(x-L/2))/mr+c
fitted parameters initialized with current variable values

iter      chisq       delta/lim  lambda   a             mr            c            
   0 9.6730289668e+07   0.00e+00  5.85e+03    8.000000e-01   8.000000e-01   6.940155e-03
  64 1.1571647778e+03  -9.23e-01  5.85e+01    1.437731e-03   6.114596e-04   6.785597e-03

After 64 iterations the fit converged.
final sum of squares of residuals : 1157.16
rel. change during last iteration : -9.23261e-06

degrees of freedom    (FIT_NDF)                        : 7
rms of residuals      (FIT_STDFIT) = sqrt(WSSR/ndf)    : 12.8573
variance of residuals (reduced chisquare) = WSSR/ndf   : 165.309
p-value of the Chisq distribution (FIT_P)              : 0

Final set of parameters            Asymptotic Standard Error
=======================            ==========================
a               = 0.00143773       +/- 1.111e+07    (7.725e+11%)
mr              = 0.00061146       +/- 4.724e+06    (7.725e+11%)
c               = 0.0067856        +/- 3.631e+10    (5.351e+14%)

correlation matrix of the fit parameters:
                a      mr     c      
a               1.000 
mr             -1.000  1.000 
c              -1.000  1.000  1.000 


*******************************************************************************
Fri Feb  6 12:40:50 2026


FIT:    data read from '../data/corrfunc.dat' u 1:column2[i]:column3[i] every ::0::(L-1)
        format = x:z:s
        #datapoints = 10
function used for fitting: f(x,a,mr,c)
	f(x,a,mr,c)=a*cosh(mr*(x-L/2))/mr+c
fitted parameters initialized with current variable values

iter      chisq       delta/lim  lambda   a             mr            c            
   0 8.2814325140e+07   0.00e+00  5.47e+03    8.000000e-01   8.000000e-01   6.785597e-03
  85 1.1556483746e+03  -9.87e-01  5.47e+01    3.785209e-03   1.409363e-03   6.808700e-03

After 85 iterations the fit converged.
final sum of squares of residuals : 1155.65
rel. change during last iteration : -9.87041e-06

degrees of freedom    (FIT_NDF)                        : 7
rms of residuals      (FIT_STDFIT) = sqrt(WSSR/ndf)    : 12.8488
variance of residuals (reduced chisquare) = WSSR/ndf   : 165.093
p-value of the Chisq distribution (FIT_P)              : 0

Final set of parameters            Asymptotic Standard Error
=======================            ==========================
a               = 0.00378521       +/- 8.299e+05    (2.193e+10%)
mr              = 0.00140936       +/- 3.09e+05     (2.193e+10%)
c               = 0.0068087        +/- 1.177e+09    (1.729e+13%)

correlation matrix of the fit parameters:
                a      mr     c      
a               1.000 
mr             -1.000  1.000 
c              -1.000  1.000  1.000 
